-- Using CATKIN_DEVEL_PREFIX: /root/catkin_ws/devel/.private/rplidar_ros
-- Using CMAKE_PREFIX_PATH: /root/catkin_ws/devel;/opt/ros/kinetic
-- This workspace overlays: /root/catkin_ws/devel;/opt/ros/kinetic
-- Using PYTHON_EXECUTABLE: /usr/bin/python
-- Using Debian Python package layout
-- Using empy: /usr/bin/empy
-- Using CATKIN_ENABLE_TESTING: ON
-- Call enable_testing()
-- Using CATKIN_TEST_RESULTS_DIR: /root/catkin_ws/build/rplidar_ros/test_results
-- Found gtest sources under '/usr/src/gtest': gtests will be built
-- Using Python nosetests: /usr/bin/nosetests-2.7
-- catkin 0.7.6
-- Configuring done
-- Generating done
-- Build files have been written to: /root/catkin_ws/build/rplidar_ros
[35m[1mScanning dependencies of target rplidarNodeClient[0m
[ 12%] [32mBuilding CXX object CMakeFiles/rplidarNodeClient.dir/src/client.cpp.o[0m
[ 25%] [32m[1mLinking CXX executable /root/catkin_ws/devel/.private/rplidar_ros/lib/rplidar_ros/rplidarNodeClient[0m
[ 25%] Built target rplidarNodeClient
[35m[1mScanning dependencies of target rplidarNode[0m
[ 37%] [32mBuilding CXX object CMakeFiles/rplidarNode.dir/src/node.cpp.o[0m
[ 50%] [32mBuilding CXX object CMakeFiles/rplidarNode.dir/sdk/src/arch/linux/timer.cpp.o[0m
[ 62%] [32mBuilding CXX object CMakeFiles/rplidarNode.dir/sdk/src/arch/linux/net_serial.cpp.o[0m
In file included from [01m[K/root/catkin_ws/src/rplidar_ros/sdk/src/arch/linux/net_serial.cpp:38:0[m[K:
[01m[K/root/catkin_ws/src/rplidar_ros/./sdk/src/arch/linux/net_serial.h:53:82:[m[K [01;35m[Kwarning: [m[Kconverting to non-pointer type ‘[01m[Kuint32_t {aka unsigned int}[m[K’ from NULL [-Wconversion-null]
     virtual bool bind(const char * portname, uint32_t baudrate, uint32_t flags = NULL);
[01;32m[K                                                                                  ^[m[K
[01m[K/root/catkin_ws/src/rplidar_ros/./sdk/src/arch/linux/net_serial.h:73:74:[m[K [01;35m[Kwarning: [m[Kconverting to non-pointer type ‘[01m[Kuint32_t {aka unsigned int}[m[K’ from NULL [-Wconversion-null]
     bool open(const char * portname, uint32_t baudrate, uint32_t flags = NULL);
[01;32m[K                                                                          ^[m[K
[ 75%] [32mBuilding CXX object CMakeFiles/rplidarNode.dir/sdk/src/hal/thread.cpp.o[0m
[ 87%] [32mBuilding CXX object CMakeFiles/rplidarNode.dir/sdk/src/rplidar_driver.cpp.o[0m
[100%] [32m[1mLinking CXX executable /root/catkin_ws/devel/.private/rplidar_ros/lib/rplidar_ros/rplidarNode[0m
[100%] Built target rplidarNode
