Determining if the pthread_create exist failed with the following output:
Change Dir: /root/catkin_ws/build/control/CMakeFiles/CMakeTmp

Run Build Command:"/usr/bin/make" "cmTC_d94f8/fast"
/usr/bin/make -f CMakeFiles/cmTC_d94f8.dir/build.make CMakeFiles/cmTC_d94f8.dir/build
make[1]: Entering directory '/root/catkin_ws/build/control/CMakeFiles/CMakeTmp'
Building C object CMakeFiles/cmTC_d94f8.dir/CheckSymbolExists.c.o
/usr/bin/cc     -o CMakeFiles/cmTC_d94f8.dir/CheckSymbolExists.c.o   -c /root/catkin_ws/build/control/CMakeFiles/CMakeTmp/CheckSymbolExists.c
Linking C executable cmTC_d94f8
/usr/bin/cmake -E cmake_link_script CMakeFiles/cmTC_d94f8.dir/link.txt --verbose=1
/usr/bin/cc       CMakeFiles/cmTC_d94f8.dir/CheckSymbolExists.c.o  -o cmTC_d94f8 -rdynamic 
CMakeFiles/cmTC_d94f8.dir/CheckSymbolExists.c.o: In function `main':
CheckSymbolExists.c:(.text+0xe): undefined reference to `pthread_create'
CheckSymbolExists.c:(.text+0x12): undefined reference to `pthread_create'
collect2: error: ld returned 1 exit status
CMakeFiles/cmTC_d94f8.dir/build.make:97: recipe for target 'cmTC_d94f8' failed
make[1]: *** [cmTC_d94f8] Error 1
make[1]: Leaving directory '/root/catkin_ws/build/control/CMakeFiles/CMakeTmp'
Makefile:126: recipe for target 'cmTC_d94f8/fast' failed
make: *** [cmTC_d94f8/fast] Error 2

File /root/catkin_ws/build/control/CMakeFiles/CMakeTmp/CheckSymbolExists.c:
/* */
#include <pthread.h>

int main(int argc, char** argv)
{
  (void)argv;
#ifndef pthread_create
  return ((int*)(&pthread_create))[argc];
#else
  (void)argc;
  return 0;
#endif
}

Determining if the function pthread_create exists in the pthreads failed with the following output:
Change Dir: /root/catkin_ws/build/control/CMakeFiles/CMakeTmp

Run Build Command:"/usr/bin/make" "cmTC_63544/fast"
/usr/bin/make -f CMakeFiles/cmTC_63544.dir/build.make CMakeFiles/cmTC_63544.dir/build
make[1]: Entering directory '/root/catkin_ws/build/control/CMakeFiles/CMakeTmp'
Building C object CMakeFiles/cmTC_63544.dir/CheckFunctionExists.c.o
/usr/bin/cc    -DCHECK_FUNCTION_EXISTS=pthread_create   -o CMakeFiles/cmTC_63544.dir/CheckFunctionExists.c.o   -c /usr/share/cmake-3.5/Modules/CheckFunctionExists.c
Linking C executable cmTC_63544
/usr/bin/cmake -E cmake_link_script CMakeFiles/cmTC_63544.dir/link.txt --verbose=1
/usr/bin/cc   -DCHECK_FUNCTION_EXISTS=pthread_create    CMakeFiles/cmTC_63544.dir/CheckFunctionExists.c.o  -o cmTC_63544 -rdynamic -lpthreads 
/usr/bin/ld: cannot find -lpthreads
collect2: error: ld returned 1 exit status
CMakeFiles/cmTC_63544.dir/build.make:97: recipe for target 'cmTC_63544' failed
make[1]: *** [cmTC_63544] Error 1
make[1]: Leaving directory '/root/catkin_ws/build/control/CMakeFiles/CMakeTmp'
Makefile:126: recipe for target 'cmTC_63544/fast' failed
make: *** [cmTC_63544/fast] Error 2


