Determining if the pthread_create exist failed with the following output:
Change Dir: /root/catkin_ws/build/send_steering_light/CMakeFiles/CMakeTmp

Run Build Command:"/usr/bin/make" "cmTC_3fae1/fast"
/usr/bin/make -f CMakeFiles/cmTC_3fae1.dir/build.make CMakeFiles/cmTC_3fae1.dir/build
make[1]: Entering directory '/root/catkin_ws/build/send_steering_light/CMakeFiles/CMakeTmp'
Building C object CMakeFiles/cmTC_3fae1.dir/CheckSymbolExists.c.o
/usr/bin/cc     -o CMakeFiles/cmTC_3fae1.dir/CheckSymbolExists.c.o   -c /root/catkin_ws/build/send_steering_light/CMakeFiles/CMakeTmp/CheckSymbolExists.c
Linking C executable cmTC_3fae1
/usr/bin/cmake -E cmake_link_script CMakeFiles/cmTC_3fae1.dir/link.txt --verbose=1
/usr/bin/cc       CMakeFiles/cmTC_3fae1.dir/CheckSymbolExists.c.o  -o cmTC_3fae1 -rdynamic 
CMakeFiles/cmTC_3fae1.dir/CheckSymbolExists.c.o: In function `main':
CheckSymbolExists.c:(.text+0xe): undefined reference to `pthread_create'
CheckSymbolExists.c:(.text+0x12): undefined reference to `pthread_create'
collect2: error: ld returned 1 exit status
CMakeFiles/cmTC_3fae1.dir/build.make:97: recipe for target 'cmTC_3fae1' failed
make[1]: *** [cmTC_3fae1] Error 1
make[1]: Leaving directory '/root/catkin_ws/build/send_steering_light/CMakeFiles/CMakeTmp'
Makefile:126: recipe for target 'cmTC_3fae1/fast' failed
make: *** [cmTC_3fae1/fast] Error 2

File /root/catkin_ws/build/send_steering_light/CMakeFiles/CMakeTmp/CheckSymbolExists.c:
/* */
#include <pthread.h>

int main(int argc, char** argv)
{
  (void)argv;
#ifndef pthread_create
  return ((int*)(&pthread_create))[argc];
#else
  (void)argc;
  return 0;
#endif
}

Determining if the function pthread_create exists in the pthreads failed with the following output:
Change Dir: /root/catkin_ws/build/send_steering_light/CMakeFiles/CMakeTmp

Run Build Command:"/usr/bin/make" "cmTC_cdfec/fast"
/usr/bin/make -f CMakeFiles/cmTC_cdfec.dir/build.make CMakeFiles/cmTC_cdfec.dir/build
make[1]: Entering directory '/root/catkin_ws/build/send_steering_light/CMakeFiles/CMakeTmp'
Building C object CMakeFiles/cmTC_cdfec.dir/CheckFunctionExists.c.o
/usr/bin/cc    -DCHECK_FUNCTION_EXISTS=pthread_create   -o CMakeFiles/cmTC_cdfec.dir/CheckFunctionExists.c.o   -c /usr/share/cmake-3.5/Modules/CheckFunctionExists.c
Linking C executable cmTC_cdfec
/usr/bin/cmake -E cmake_link_script CMakeFiles/cmTC_cdfec.dir/link.txt --verbose=1
/usr/bin/cc   -DCHECK_FUNCTION_EXISTS=pthread_create    CMakeFiles/cmTC_cdfec.dir/CheckFunctionExists.c.o  -o cmTC_cdfec -rdynamic -lpthreads 
/usr/bin/ld: cannot find -lpthreads
collect2: error: ld returned 1 exit status
CMakeFiles/cmTC_cdfec.dir/build.make:97: recipe for target 'cmTC_cdfec' failed
make[1]: *** [cmTC_cdfec] Error 1
make[1]: Leaving directory '/root/catkin_ws/build/send_steering_light/CMakeFiles/CMakeTmp'
Makefile:126: recipe for target 'cmTC_cdfec/fast' failed
make: *** [cmTC_cdfec/fast] Error 2


