Determining if the pthread_create exist failed with the following output:
Change Dir: /root/catkin_ws/build/manual_control/CMakeFiles/CMakeTmp

Run Build Command:"/usr/bin/make" "cmTC_6e05a/fast"
/usr/bin/make -f CMakeFiles/cmTC_6e05a.dir/build.make CMakeFiles/cmTC_6e05a.dir/build
make[1]: Entering directory '/root/catkin_ws/build/manual_control/CMakeFiles/CMakeTmp'
Building C object CMakeFiles/cmTC_6e05a.dir/CheckSymbolExists.c.o
/usr/bin/cc     -o CMakeFiles/cmTC_6e05a.dir/CheckSymbolExists.c.o   -c /root/catkin_ws/build/manual_control/CMakeFiles/CMakeTmp/CheckSymbolExists.c
Linking C executable cmTC_6e05a
/usr/bin/cmake -E cmake_link_script CMakeFiles/cmTC_6e05a.dir/link.txt --verbose=1
/usr/bin/cc       CMakeFiles/cmTC_6e05a.dir/CheckSymbolExists.c.o  -o cmTC_6e05a -rdynamic 
CMakeFiles/cmTC_6e05a.dir/CheckSymbolExists.c.o: In function `main':
CheckSymbolExists.c:(.text+0xe): undefined reference to `pthread_create'
CheckSymbolExists.c:(.text+0x12): undefined reference to `pthread_create'
collect2: error: ld returned 1 exit status
CMakeFiles/cmTC_6e05a.dir/build.make:97: recipe for target 'cmTC_6e05a' failed
make[1]: *** [cmTC_6e05a] Error 1
make[1]: Leaving directory '/root/catkin_ws/build/manual_control/CMakeFiles/CMakeTmp'
Makefile:126: recipe for target 'cmTC_6e05a/fast' failed
make: *** [cmTC_6e05a/fast] Error 2

File /root/catkin_ws/build/manual_control/CMakeFiles/CMakeTmp/CheckSymbolExists.c:
/* */
#include <pthread.h>

int main(int argc, char** argv)
{
  (void)argv;
#ifndef pthread_create
  return ((int*)(&pthread_create))[argc];
#else
  (void)argc;
  return 0;
#endif
}

Determining if the function pthread_create exists in the pthreads failed with the following output:
Change Dir: /root/catkin_ws/build/manual_control/CMakeFiles/CMakeTmp

Run Build Command:"/usr/bin/make" "cmTC_515d3/fast"
/usr/bin/make -f CMakeFiles/cmTC_515d3.dir/build.make CMakeFiles/cmTC_515d3.dir/build
make[1]: Entering directory '/root/catkin_ws/build/manual_control/CMakeFiles/CMakeTmp'
Building C object CMakeFiles/cmTC_515d3.dir/CheckFunctionExists.c.o
/usr/bin/cc    -DCHECK_FUNCTION_EXISTS=pthread_create   -o CMakeFiles/cmTC_515d3.dir/CheckFunctionExists.c.o   -c /usr/share/cmake-3.5/Modules/CheckFunctionExists.c
Linking C executable cmTC_515d3
/usr/bin/cmake -E cmake_link_script CMakeFiles/cmTC_515d3.dir/link.txt --verbose=1
/usr/bin/cc   -DCHECK_FUNCTION_EXISTS=pthread_create    CMakeFiles/cmTC_515d3.dir/CheckFunctionExists.c.o  -o cmTC_515d3 -rdynamic -lpthreads 
/usr/bin/ld: cannot find -lpthreads
collect2: error: ld returned 1 exit status
CMakeFiles/cmTC_515d3.dir/build.make:97: recipe for target 'cmTC_515d3' failed
make[1]: *** [cmTC_515d3] Error 1
make[1]: Leaving directory '/root/catkin_ws/build/manual_control/CMakeFiles/CMakeTmp'
Makefile:126: recipe for target 'cmTC_515d3/fast' failed
make: *** [cmTC_515d3/fast] Error 2


