-- Using CATKIN_DEVEL_PREFIX: /root/catkin_ws/devel/.private/send_steering_light
-- Using CMAKE_PREFIX_PATH: /root/catkin_ws/devel;/opt/ros/kinetic
-- This workspace overlays: /root/catkin_ws/devel;/opt/ros/kinetic
-- Using PYTHON_EXECUTABLE: /usr/bin/python
-- Using Debian Python package layout
-- Using empy: /usr/bin/empy
-- Using CATKIN_ENABLE_TESTING: ON
-- Call enable_testing()
-- Using CATKIN_TEST_RESULTS_DIR: /root/catkin_ws/build/send_steering_light/test_results
-- Found gtest sources under '/usr/src/gtest': gtests will be built
-- Using Python nosetests: /usr/bin/nosetests-2.7
-- catkin 0.7.6
-- Configuring done
-- Generating done
-- Build files have been written to: /root/catkin_ws/build/send_steering_light
[35m[1mScanning dependencies of target send_steering_light[0m
[ 25%] [32mBuilding CXX object CMakeFiles/send_steering_light.dir/src/send_steering_light.cpp.o[0m
[ 50%] [32m[1mLinking CXX shared library /root/catkin_ws/devel/.private/send_steering_light/lib/libsend_steering_light.so[0m
[ 50%] Built target send_steering_light
[35m[1mScanning dependencies of target send_steering_light_node[0m
[ 75%] [32mBuilding CXX object CMakeFiles/send_steering_light_node.dir/src/send_steering_light_node.cpp.o[0m
[100%] [32m[1mLinking CXX executable /root/catkin_ws/devel/.private/send_steering_light/lib/send_steering_light/send_steering_light_node[0m
[100%] Built target send_steering_light_node
