Determining if the pthread_create exist failed with the following output:
Change Dir: /root/catkin_ws/build/control_fu/CMakeFiles/CMakeTmp

Run Build Command:"/usr/bin/make" "cmTC_35f61/fast"
/usr/bin/make -f CMakeFiles/cmTC_35f61.dir/build.make CMakeFiles/cmTC_35f61.dir/build
make[1]: Entering directory '/root/catkin_ws/build/control_fu/CMakeFiles/CMakeTmp'
Building C object CMakeFiles/cmTC_35f61.dir/CheckSymbolExists.c.o
/usr/bin/cc     -o CMakeFiles/cmTC_35f61.dir/CheckSymbolExists.c.o   -c /root/catkin_ws/build/control_fu/CMakeFiles/CMakeTmp/CheckSymbolExists.c
Linking C executable cmTC_35f61
/usr/bin/cmake -E cmake_link_script CMakeFiles/cmTC_35f61.dir/link.txt --verbose=1
/usr/bin/cc       CMakeFiles/cmTC_35f61.dir/CheckSymbolExists.c.o  -o cmTC_35f61 -rdynamic 
CMakeFiles/cmTC_35f61.dir/CheckSymbolExists.c.o: In function `main':
CheckSymbolExists.c:(.text+0xe): undefined reference to `pthread_create'
CheckSymbolExists.c:(.text+0x12): undefined reference to `pthread_create'
collect2: error: ld returned 1 exit status
CMakeFiles/cmTC_35f61.dir/build.make:97: recipe for target 'cmTC_35f61' failed
make[1]: *** [cmTC_35f61] Error 1
make[1]: Leaving directory '/root/catkin_ws/build/control_fu/CMakeFiles/CMakeTmp'
Makefile:126: recipe for target 'cmTC_35f61/fast' failed
make: *** [cmTC_35f61/fast] Error 2

File /root/catkin_ws/build/control_fu/CMakeFiles/CMakeTmp/CheckSymbolExists.c:
/* */
#include <pthread.h>

int main(int argc, char** argv)
{
  (void)argv;
#ifndef pthread_create
  return ((int*)(&pthread_create))[argc];
#else
  (void)argc;
  return 0;
#endif
}

Determining if the function pthread_create exists in the pthreads failed with the following output:
Change Dir: /root/catkin_ws/build/control_fu/CMakeFiles/CMakeTmp

Run Build Command:"/usr/bin/make" "cmTC_3f1fe/fast"
/usr/bin/make -f CMakeFiles/cmTC_3f1fe.dir/build.make CMakeFiles/cmTC_3f1fe.dir/build
make[1]: Entering directory '/root/catkin_ws/build/control_fu/CMakeFiles/CMakeTmp'
Building C object CMakeFiles/cmTC_3f1fe.dir/CheckFunctionExists.c.o
/usr/bin/cc    -DCHECK_FUNCTION_EXISTS=pthread_create   -o CMakeFiles/cmTC_3f1fe.dir/CheckFunctionExists.c.o   -c /usr/share/cmake-3.5/Modules/CheckFunctionExists.c
Linking C executable cmTC_3f1fe
/usr/bin/cmake -E cmake_link_script CMakeFiles/cmTC_3f1fe.dir/link.txt --verbose=1
/usr/bin/cc   -DCHECK_FUNCTION_EXISTS=pthread_create    CMakeFiles/cmTC_3f1fe.dir/CheckFunctionExists.c.o  -o cmTC_3f1fe -rdynamic -lpthreads 
/usr/bin/ld: cannot find -lpthreads
collect2: error: ld returned 1 exit status
CMakeFiles/cmTC_3f1fe.dir/build.make:97: recipe for target 'cmTC_3f1fe' failed
make[1]: *** [cmTC_3f1fe] Error 1
make[1]: Leaving directory '/root/catkin_ws/build/control_fu/CMakeFiles/CMakeTmp'
Makefile:126: recipe for target 'cmTC_3f1fe/fast' failed
make: *** [cmTC_3f1fe/fast] Error 2


