Determining if the pthread_create exist failed with the following output:
Change Dir: /root/catkin_ws/build/random_movement/CMakeFiles/CMakeTmp

Run Build Command:"/usr/bin/make" "cmTC_ebd22/fast"
/usr/bin/make -f CMakeFiles/cmTC_ebd22.dir/build.make CMakeFiles/cmTC_ebd22.dir/build
make[1]: Entering directory '/root/catkin_ws/build/random_movement/CMakeFiles/CMakeTmp'
Building C object CMakeFiles/cmTC_ebd22.dir/CheckSymbolExists.c.o
/usr/bin/cc     -o CMakeFiles/cmTC_ebd22.dir/CheckSymbolExists.c.o   -c /root/catkin_ws/build/random_movement/CMakeFiles/CMakeTmp/CheckSymbolExists.c
Linking C executable cmTC_ebd22
/usr/bin/cmake -E cmake_link_script CMakeFiles/cmTC_ebd22.dir/link.txt --verbose=1
/usr/bin/cc       CMakeFiles/cmTC_ebd22.dir/CheckSymbolExists.c.o  -o cmTC_ebd22 -rdynamic 
CMakeFiles/cmTC_ebd22.dir/CheckSymbolExists.c.o: In function `main':
CheckSymbolExists.c:(.text+0xe): undefined reference to `pthread_create'
CheckSymbolExists.c:(.text+0x12): undefined reference to `pthread_create'
collect2: error: ld returned 1 exit status
CMakeFiles/cmTC_ebd22.dir/build.make:97: recipe for target 'cmTC_ebd22' failed
make[1]: *** [cmTC_ebd22] Error 1
make[1]: Leaving directory '/root/catkin_ws/build/random_movement/CMakeFiles/CMakeTmp'
Makefile:126: recipe for target 'cmTC_ebd22/fast' failed
make: *** [cmTC_ebd22/fast] Error 2

File /root/catkin_ws/build/random_movement/CMakeFiles/CMakeTmp/CheckSymbolExists.c:
/* */
#include <pthread.h>

int main(int argc, char** argv)
{
  (void)argv;
#ifndef pthread_create
  return ((int*)(&pthread_create))[argc];
#else
  (void)argc;
  return 0;
#endif
}

Determining if the function pthread_create exists in the pthreads failed with the following output:
Change Dir: /root/catkin_ws/build/random_movement/CMakeFiles/CMakeTmp

Run Build Command:"/usr/bin/make" "cmTC_024ad/fast"
/usr/bin/make -f CMakeFiles/cmTC_024ad.dir/build.make CMakeFiles/cmTC_024ad.dir/build
make[1]: Entering directory '/root/catkin_ws/build/random_movement/CMakeFiles/CMakeTmp'
Building C object CMakeFiles/cmTC_024ad.dir/CheckFunctionExists.c.o
/usr/bin/cc    -DCHECK_FUNCTION_EXISTS=pthread_create   -o CMakeFiles/cmTC_024ad.dir/CheckFunctionExists.c.o   -c /usr/share/cmake-3.5/Modules/CheckFunctionExists.c
Linking C executable cmTC_024ad
/usr/bin/cmake -E cmake_link_script CMakeFiles/cmTC_024ad.dir/link.txt --verbose=1
/usr/bin/cc   -DCHECK_FUNCTION_EXISTS=pthread_create    CMakeFiles/cmTC_024ad.dir/CheckFunctionExists.c.o  -o cmTC_024ad -rdynamic -lpthreads 
/usr/bin/ld: cannot find -lpthreads
collect2: error: ld returned 1 exit status
CMakeFiles/cmTC_024ad.dir/build.make:97: recipe for target 'cmTC_024ad' failed
make[1]: *** [cmTC_024ad] Error 1
make[1]: Leaving directory '/root/catkin_ws/build/random_movement/CMakeFiles/CMakeTmp'
Makefile:126: recipe for target 'cmTC_024ad/fast' failed
make: *** [cmTC_024ad/fast] Error 2


